[0403/135223.168:ERROR:process_memory_win.cc(73)] ReadMemory at 0x9fe000 of 73728 bytes failed: Only part of a ReadProcessMemory or WriteProcessMemory request was completed. (0x12B)
[0403/135223.233:ERROR:process_memory_win.cc(73)] ReadMemory at 0x2f6e000 of 8192 bytes failed: Only part of a ReadProcessMemory or WriteProcessMemory request was completed. (0x12B)
[0403/135223.233:ERROR:process_memory_win.cc(73)] ReadMemory at 0x306b000 of 20480 bytes failed: Only part of a ReadProcessMemory or WriteProcessMemory request was completed. (0x12B)
[0403/135223.233:ERROR:process_memory_win.cc(73)] ReadMemory at 0x316e000 of 8192 bytes failed: Only part of a ReadProcessMemory or WriteProcessMemory request was completed. (0x12B)
[0403/135223.234:ERROR:process_memory_win.cc(73)] ReadMemory at 0x326d000 of 12288 bytes failed: Only part of a ReadProcessMemory or WriteProcessMemory request was completed. (0x12B)
[0403/135223.234:ERROR:process_memory_win.cc(73)] ReadMemory at 0x33ee000 of 8192 bytes failed: Only part of a ReadProcessMemory or WriteProcessMemory request was completed. (0x12B)
[0403/135223.234:ERROR:process_memory_win.cc(73)] ReadMemory at 0x34ee000 of 8192 bytes failed: Only part of a ReadProcessMemory or WriteProcessMemory request was completed. (0x12B)
[0403/135223.234:ERROR:process_memory_win.cc(73)] ReadMemory at 0x3f3d000 of 12288 bytes failed: Only part of a ReadProcessMemory or WriteProcessMemory request was completed. (0x12B)
[0403/135223.235:ERROR:process_memory_win.cc(73)] ReadMemory at 0x403e000 of 8192 bytes failed: Only part of a ReadProcessMemory or WriteProcessMemory request was completed. (0x12B)
[0403/135223.235:ERROR:process_memory_win.cc(73)] ReadMemory at 0x493e000 of 8192 bytes failed: Only part of a ReadProcessMemory or WriteProcessMemory request was completed. (0x12B)
[0403/135223.237:ERROR:process_memory_win.cc(73)] ReadMemory at 0x413c000 of 16384 bytes failed: Only part of a ReadProcessMemory or WriteProcessMemory request was completed. (0x12B)
[0403/135223.237:ERROR:process_memory_win.cc(73)] ReadMemory at 0x443c000 of 16384 bytes failed: Only part of a ReadProcessMemory or WriteProcessMemory request was completed. (0x12B)
[0403/135223.237:ERROR:process_memory_win.cc(73)] ReadMemory at 0x453e000 of 8192 bytes failed: Only part of a ReadProcessMemory or WriteProcessMemory request was completed. (0x12B)
[0403/135223.238:ERROR:process_memory_win.cc(73)] ReadMemory at 0x52fe000 of 8192 bytes failed: Only part of a ReadProcessMemory or WriteProcessMemory request was completed. (0x12B)
[0403/135223.240:ERROR:process_memory_win.cc(73)] ReadMemory at 0x58fb000 of 20480 bytes failed: Only part of a ReadProcessMemory or WriteProcessMemory request was completed. (0x12B)
[0403/135223.241:ERROR:process_memory_win.cc(73)] ReadMemory at 0x73ca000 of 24576 bytes failed: Only part of a ReadProcessMemory or WriteProcessMemory request was completed. (0x12B)
[0403/135223.241:ERROR:process_memory_win.cc(73)] ReadMemory at 0x92ee000 of 8192 bytes failed: Only part of a ReadProcessMemory or WriteProcessMemory request was completed. (0x12B)
[0403/135223.241:ERROR:process_memory_win.cc(73)] ReadMemory at 0xea5b000 of 20480 bytes failed: Only part of a ReadProcessMemory or WriteProcessMemory request was completed. (0x12B)
[0403/135223.242:ERROR:process_memory_win.cc(73)] ReadMemory at 0x1785b000 of 20480 bytes failed: Only part of a ReadProcessMemory or WriteProcessMemory request was completed. (0x12B)
[0403/135223.242:ERROR:process_memory_win.cc(73)] ReadMemory at 0x18d9b000 of 20480 bytes failed: Only part of a ReadProcessMemory or WriteProcessMemory request was completed. (0x12B)
[0403/135223.242:ERROR:process_memory_win.cc(73)] ReadMemory at 0x1bcfd000 of 12288 bytes failed: Only part of a ReadProcessMemory or WriteProcessMemory request was completed. (0x12B)
[0403/135223.242:ERROR:process_memory_win.cc(73)] ReadMemory at 0x1bdfd000 of 12288 bytes failed: Only part of a ReadProcessMemory or WriteProcessMemory request was completed. (0x12B)
[0403/135223.243:ERROR:process_memory_win.cc(73)] ReadMemory at 0xb904a0 of 64 bytes failed: Only part of a ReadProcessMemory or WriteProcessMemory request was completed. (0x12B)
[0403/135223.243:ERROR:process_memory_win.cc(73)] ReadMemory at 0xb904f0 of 72 bytes failed: Only part of a ReadProcessMemory or WriteProcessMemory request was completed. (0x12B)
[0403/135223.243:ERROR:process_memory_win.cc(73)] ReadMemory at 0xb905c8 of 3446 bytes failed: Only part of a ReadProcessMemory or WriteProcessMemory request was completed. (0x12B)
[0403/135223.243:ERROR:process_memory_win.cc(73)] ReadMemory at 0xb91348 of 660 bytes failed: Only part of a ReadProcessMemory or WriteProcessMemory request was completed. (0x12B)
[0403/135223.244:ERROR:process_memory_win.cc(73)] ReadMemory at 0xb917f0 of 106 bytes failed: Only part of a ReadProcessMemory or WriteProcessMemory request was completed. (0x12B)
[0403/135223.244:ERROR:process_memory_win.cc(73)] ReadMemory at 0xb9185c of 820 bytes failed: Only part of a ReadProcessMemory or WriteProcessMemory request was completed. (0x12B)
[0403/135223.244:ERROR:process_memory_win.cc(73)] ReadMemory at 0xb91b92 of 106 bytes failed: Only part of a ReadProcessMemory or WriteProcessMemory request was completed. (0x12B)
[0403/135223.244:ERROR:process_memory_win.cc(73)] ReadMemory at 0xb91bfe of 100 bytes failed: Only part of a ReadProcessMemory or WriteProcessMemory request was completed. (0x12B)
[0403/135223.244:ERROR:process_memory_win.cc(73)] ReadMemory at 0xb91c70 of 58 bytes failed: Only part of a ReadProcessMemory or WriteProcessMemory request was completed. (0x12B)
[0403/135223.245:ERROR:process_memory_win.cc(73)] ReadMemory at 0xb91d60 of 72 bytes failed: Only part of a ReadProcessMemory or WriteProcessMemory request was completed. (0x12B)
[0403/135223.245:ERROR:process_memory_win.cc(73)] ReadMemory at 0xb91e38 of 72 bytes failed: Only part of a ReadProcessMemory or WriteProcessMemory request was completed. (0x12B)
[0403/135223.245:ERROR:process_memory_win.cc(73)] ReadMemory at 0xb91f58 of 114 bytes failed: Only part of a ReadProcessMemory or WriteProcessMemory request was completed. (0x12B)
[0403/135223.245:ERROR:process_memory_win.cc(73)] ReadMemory at 0xb95630 of 68 bytes failed: Only part of a ReadProcessMemory or WriteProcessMemory request was completed. (0x12B)
[0403/135223.246:ERROR:process_memory_win.cc(73)] ReadMemory at 0xb95680 of 72 bytes failed: Only part of a ReadProcessMemory or WriteProcessMemory request was completed. (0x12B)
[0403/135223.246:ERROR:process_memory_win.cc(73)] ReadMemory at 0xb98280 of 142 bytes failed: Only part of a ReadProcessMemory or WriteProcessMemory request was completed. (0x12B)
[0403/135223.246:ERROR:process_memory_win.cc(73)] ReadMemory at 0xb98318 of 72 bytes failed: Only part of a ReadProcessMemory or WriteProcessMemory request was completed. (0x12B)
[0403/135223.246:ERROR:process_memory_win.cc(73)] ReadMemory at 0xb98690 of 60 bytes failed: Only part of a ReadProcessMemory or WriteProcessMemory request was completed. (0x12B)
[0403/135223.246:ERROR:process_memory_win.cc(73)] ReadMemory at 0xb98b98 of 62 bytes failed: Only part of a ReadProcessMemory or WriteProcessMemory request was completed. (0x12B)
[0403/135223.247:ERROR:process_memory_win.cc(73)] ReadMemory at 0xb98be0 of 72 bytes failed: Only part of a ReadProcessMemory or WriteProcessMemory request was completed. (0x12B)
[0403/135223.247:ERROR:process_memory_win.cc(73)] ReadMemory at 0xb98d68 of 72 bytes failed: Only part of a ReadProcessMemory or WriteProcessMemory request was completed. (0x12B)
[0403/135223.247:ERROR:process_memory_win.cc(73)] ReadMemory at 0xb9a7ac of 512 bytes failed: Only part of a ReadProcessMemory or WriteProcessMemory request was completed. (0x12B)
[0403/135223.247:ERROR:process_memory_win.cc(73)] ReadMemory at 0xb9aba8 of 134 bytes failed: Only part of a ReadProcessMemory or WriteProcessMemory request was completed. (0x12B)
[0403/135223.247:ERROR:process_memory_win.cc(73)] ReadMemory at 0xb9ac38 of 72 bytes failed: Only part of a ReadProcessMemory or WriteProcessMemory request was completed. (0x12B)
[0403/135223.248:ERROR:process_memory_win.cc(73)] ReadMemory at 0xb9ae10 of 60 bytes failed: Only part of a ReadProcessMemory or WriteProcessMemory request was completed. (0x12B)
[0403/135223.248:ERROR:process_memory_win.cc(73)] ReadMemory at 0xb9ae58 of 72 bytes failed: Only part of a ReadProcessMemory or WriteProcessMemory request was completed. (0x12B)
[0403/135223.248:ERROR:process_memory_win.cc(73)] ReadMemory at 0xb9aef8 of 64 bytes failed: Only part of a ReadProcessMemory or WriteProcessMemory request was completed. (0x12B)
[0403/135223.248:ERROR:process_memory_win.cc(73)] ReadMemory at 0xb9af90 of 64 bytes failed: Only part of a ReadProcessMemory or WriteProcessMemory request was completed. (0x12B)
[0403/135223.248:ERROR:process_memory_win.cc(73)] ReadMemory at 0xb9afe0 of 72 bytes failed: Only part of a ReadProcessMemory or WriteProcessMemory request was completed. (0x12B)
[0403/135223.249:ERROR:process_memory_win.cc(73)] ReadMemory at 0xb9b2b0 of 64 bytes failed: Only part of a ReadProcessMemory or WriteProcessMemory request was completed. (0x12B)
[0403/135223.249:ERROR:process_memory_win.cc(73)] ReadMemory at 0xb9b3f8 of 72 bytes failed: Only part of a ReadProcessMemory or WriteProcessMemory request was completed. (0x12B)
[0403/135223.249:ERROR:process_memory_win.cc(73)] ReadMemory at 0xb9b4f8 of 62 bytes failed: Only part of a ReadProcessMemory or WriteProcessMemory request was completed. (0x12B)
[0403/135223.249:ERROR:process_memory_win.cc(73)] ReadMemory at 0xb9b540 of 72 bytes failed: Only part of a ReadProcessMemory or WriteProcessMemory request was completed. (0x12B)
[0403/135223.249:ERROR:process_memory_win.cc(73)] ReadMemory at 0xb9b5e0 of 60 bytes failed: Only part of a ReadProcessMemory or WriteProcessMemory request was completed. (0x12B)
[0403/135223.250:ERROR:process_memory_win.cc(73)] ReadMemory at 0xb9b628 of 72 bytes failed: Only part of a ReadProcessMemory or WriteProcessMemory request was completed. (0x12B)
[0403/135223.250:ERROR:process_memory_win.cc(73)] ReadMemory at 0xb9ce78 of 72 bytes failed: Only part of a ReadProcessMemory or WriteProcessMemory request was completed. (0x12B)
[0403/135223.250:ERROR:process_memory_win.cc(73)] ReadMemory at 0xb9cf48 of 62 bytes failed: Only part of a ReadProcessMemory or WriteProcessMemory request was completed. (0x12B)
[0403/135223.250:ERROR:process_memory_win.cc(73)] ReadMemory at 0xb9cfa8 of 58 bytes failed: Only part of a ReadProcessMemory or WriteProcessMemory request was completed. (0x12B)
[0403/135223.250:ERROR:process_memory_win.cc(73)] ReadMemory at 0xb9cff0 of 72 bytes failed: Only part of a ReadProcessMemory or WriteProcessMemory request was completed. (0x12B)
[0403/135223.250:ERROR:process_memory_win.cc(73)] ReadMemory at 0xb9d0f0 of 64 bytes failed: Only part of a ReadProcessMemory or WriteProcessMemory request was completed. (0x12B)
[0403/135223.251:ERROR:process_memory_win.cc(73)] ReadMemory at 0xb9d158 of 62 bytes failed: Only part of a ReadProcessMemory or WriteProcessMemory request was completed. (0x12B)
[0403/135223.253:ERROR:process_memory_win.cc(73)] ReadMemory at 0xb9d610 of 72 bytes failed: Only part of a ReadProcessMemory or WriteProcessMemory request was completed. (0x12B)
[0403/135223.253:ERROR:process_memory_win.cc(73)] ReadMemory at 0xb9d6b0 of 72 bytes failed: Only part of a ReadProcessMemory or WriteProcessMemory request was completed. (0x12B)
[0403/135223.253:ERROR:process_memory_win.cc(73)] ReadMemory at 0xb9d7f0 of 72 bytes failed: Only part of a ReadProcessMemory or WriteProcessMemory request was completed. (0x12B)
[0403/135223.253:ERROR:process_memory_win.cc(73)] ReadMemory at 0xb9d890 of 72 bytes failed: Only part of a ReadProcessMemory or WriteProcessMemory request was completed. (0x12B)
[0403/135223.254:ERROR:process_memory_win.cc(73)] ReadMemory at 0xb9d930 of 72 bytes failed: Only part of a ReadProcessMemory or WriteProcessMemory request was completed. (0x12B)
[0403/135223.254:ERROR:process_memory_win.cc(73)] ReadMemory at 0xb9d9d0 of 72 bytes failed: Only part of a ReadProcessMemory or WriteProcessMemory request was completed. (0x12B)
[0403/135223.254:ERROR:process_memory_win.cc(73)] ReadMemory at 0xb9da70 of 72 bytes failed: Only part of a ReadProcessMemory or WriteProcessMemory request was completed. (0x12B)
[0403/135223.254:ERROR:process_memory_win.cc(73)] ReadMemory at 0xb9db10 of 72 bytes failed: Only part of a ReadProcessMemory or WriteProcessMemory request was completed. (0x12B)
[0403/135223.255:ERROR:process_memory_win.cc(73)] ReadMemory at 0xb9dbb0 of 72 bytes failed: Only part of a ReadProcessMemory or WriteProcessMemory request was completed. (0x12B)
[0403/135223.255:ERROR:process_memory_win.cc(73)] ReadMemory at 0xb9dc50 of 72 bytes failed: Only part of a ReadProcessMemory or WriteProcessMemory request was completed. (0x12B)
[0403/135223.255:ERROR:process_memory_win.cc(73)] ReadMemory at 0xb9dcf0 of 72 bytes failed: Only part of a ReadProcessMemory or WriteProcessMemory request was completed. (0x12B)
[0403/135223.259:ERROR:process_memory_win.cc(73)] ReadMemory at 0xb9dd90 of 72 bytes failed: Only part of a ReadProcessMemory or WriteProcessMemory request was completed. (0x12B)
[0403/135223.259:ERROR:process_memory_win.cc(73)] ReadMemory at 0xb9de30 of 72 bytes failed: Only part of a ReadProcessMemory or WriteProcessMemory request was completed. (0x12B)
[0403/135223.259:ERROR:process_memory_win.cc(73)] ReadMemory at 0xb9ded0 of 72 bytes failed: Only part of a ReadProcessMemory or WriteProcessMemory request was completed. (0x12B)
[0403/135223.259:ERROR:process_memory_win.cc(73)] ReadMemory at 0xb9df70 of 72 bytes failed: Only part of a ReadProcessMemory or WriteProcessMemory request was completed. (0x12B)
[0403/135223.259:ERROR:process_memory_win.cc(73)] ReadMemory at 0xb9e010 of 72 bytes failed: Only part of a ReadProcessMemory or WriteProcessMemory request was completed. (0x12B)
[0403/135223.260:ERROR:process_memory_win.cc(73)] ReadMemory at 0xb9e0b0 of 72 bytes failed: Only part of a ReadProcessMemory or WriteProcessMemory request was completed. (0x12B)
[0403/135223.264:ERROR:process_memory_win.cc(73)] ReadMemory at 0xb9e150 of 72 bytes failed: Only part of a ReadProcessMemory or WriteProcessMemory request was completed. (0x12B)
[0403/135223.265:ERROR:process_memory_win.cc(73)] ReadMemory at 0xb9e1f0 of 72 bytes failed: Only part of a ReadProcessMemory or WriteProcessMemory request was completed. (0x12B)
[0403/135223.269:ERROR:process_memory_win.cc(73)] ReadMemory at 0xb9e290 of 72 bytes failed: Only part of a ReadProcessMemory or WriteProcessMemory request was completed. (0x12B)
[0403/135223.270:ERROR:process_memory_win.cc(73)] ReadMemory at 0xb9e330 of 72 bytes failed: Only part of a ReadProcessMemory or WriteProcessMemory request was completed. (0x12B)
[0403/135223.270:ERROR:process_memory_win.cc(73)] ReadMemory at 0xb9e3d0 of 72 bytes failed: Only part of a ReadProcessMemory or WriteProcessMemory request was completed. (0x12B)
[0403/135223.275:ERROR:process_memory_win.cc(73)] ReadMemory at 0xb9e470 of 72 bytes failed: Only part of a ReadProcessMemory or WriteProcessMemory request was completed. (0x12B)
[0403/135223.276:ERROR:process_memory_win.cc(73)] ReadMemory at 0xb9e510 of 72 bytes failed: Only part of a ReadProcessMemory or WriteProcessMemory request was completed. (0x12B)
[0403/135223.276:ERROR:process_memory_win.cc(73)] ReadMemory at 0xb9e648 of 62 bytes failed: Only part of a ReadProcessMemory or WriteProcessMemory request was completed. (0x12B)
[0403/135223.276:ERROR:process_memory_win.cc(73)] ReadMemory at 0xb9e6c0 of 80 bytes failed: Only part of a ReadProcessMemory or WriteProcessMemory request was completed. (0x12B)
[0403/135223.282:ERROR:process_memory_win.cc(73)] ReadMemory at 0xb9e720 of 64 bytes failed: Only part of a ReadProcessMemory or WriteProcessMemory request was completed. (0x12B)
[0403/135223.283:ERROR:process_memory_win.cc(73)] ReadMemory at 0xb9e770 of 54 bytes failed: Only part of a ReadProcessMemory or WriteProcessMemory request was completed. (0x12B)
[0403/135223.283:ERROR:process_memory_win.cc(73)] ReadMemory at 0xb9e7b0 of 60 bytes failed: Only part of a ReadProcessMemory or WriteProcessMemory request was completed. (0x12B)
[0403/135223.284:ERROR:process_memory_win.cc(73)] ReadMemory at 0xb9ec90 of 62 bytes failed: Only part of a ReadProcessMemory or WriteProcessMemory request was completed. (0x12B)
[0403/135223.284:ERROR:process_memory_win.cc(73)] ReadMemory at 0xb9ecd8 of 62 bytes failed: Only part of a ReadProcessMemory or WriteProcessMemory request was completed. (0x12B)
[0403/135223.285:ERROR:process_memory_win.cc(73)] ReadMemory at 0xb9f920 of 64 bytes failed: Only part of a ReadProcessMemory or WriteProcessMemory request was completed. (0x12B)
[0403/135223.285:ERROR:process_memory_win.cc(73)] ReadMemory at 0xb9fa88 of 62 bytes failed: Only part of a ReadProcessMemory or WriteProcessMemory request was completed. (0x12B)
[0403/135223.285:ERROR:process_memory_win.cc(73)] ReadMemory at 0xb9fba8 of 62 bytes failed: Only part of a ReadProcessMemory or WriteProcessMemory request was completed. (0x12B)
[0403/135223.286:ERROR:process_memory_win.cc(73)] ReadMemory at 0xb9fbf0 of 60 bytes failed: Only part of a ReadProcessMemory or WriteProcessMemory request was completed. (0x12B)
[0403/135223.287:ERROR:process_memory_win.cc(73)] ReadMemory at 0xb9fc80 of 58 bytes failed: Only part of a ReadProcessMemory or WriteProcessMemory request was completed. (0x12B)
[0403/135223.288:ERROR:process_memory_win.cc(73)] ReadMemory at 0xb9fe78 of 60 bytes failed: Only part of a ReadProcessMemory or WriteProcessMemory request was completed. (0x12B)
[0403/135223.290:ERROR:process_memory_win.cc(73)] ReadMemory at 0xb9fec0 of 58 bytes failed: Only part of a ReadProcessMemory or WriteProcessMemory request was completed. (0x12B)
[0403/135223.292:ERROR:process_memory_win.cc(73)] ReadMemory at 0xba0028 of 58 bytes failed: Only part of a ReadProcessMemory or WriteProcessMemory request was completed. (0x12B)
[0403/135223.292:ERROR:process_memory_win.cc(73)] ReadMemory at 0xba0070 of 60 bytes failed: Only part of a ReadProcessMemory or WriteProcessMemory request was completed. (0x12B)
[0403/135223.293:ERROR:process_memory_win.cc(73)] ReadMemory at 0xba00b8 of 62 bytes failed: Only part of a ReadProcessMemory or WriteProcessMemory request was completed. (0x12B)
[0403/135223.293:ERROR:process_memory_win.cc(73)] ReadMemory at 0xba0148 of 60 bytes failed: Only part of a ReadProcessMemory or WriteProcessMemory request was completed. (0x12B)
[0403/135223.295:ERROR:process_memory_win.cc(73)] ReadMemory at 0xba0190 of 58 bytes failed: Only part of a ReadProcessMemory or WriteProcessMemory request was completed. (0x12B)
[0403/135223.296:ERROR:process_memory_win.cc(73)] ReadMemory at 0xba0380 of 66 bytes failed: Only part of a ReadProcessMemory or WriteProcessMemory request was completed. (0x12B)
[0403/135223.296:ERROR:process_memory_win.cc(73)] ReadMemory at 0xba08f8 of 64 bytes failed: Only part of a ReadProcessMemory or WriteProcessMemory request was completed. (0x12B)
[0403/135223.297:ERROR:process_memory_win.cc(73)] ReadMemory at 0xba3518 of 66 bytes failed: Only part of a ReadProcessMemory or WriteProcessMemory request was completed. (0x12B)
[0403/135223.297:ERROR:process_memory_win.cc(73)] ReadMemory at 0xba70f0 of 72 bytes failed: Only part of a ReadProcessMemory or WriteProcessMemory request was completed. (0x12B)
[0403/135223.299:ERROR:process_memory_win.cc(73)] ReadMemory at 0xba7870 of 72 bytes failed: Only part of a ReadProcessMemory or WriteProcessMemory request was completed. (0x12B)
[0403/135223.300:ERROR:process_memory_win.cc(73)] ReadMemory at 0xba8fa8 of 80 bytes failed: Only part of a ReadProcessMemory or WriteProcessMemory request was completed. (0x12B)
[0403/135223.300:ERROR:process_memory_win.cc(73)] ReadMemory at 0xbab688 of 512 bytes failed: Only part of a ReadProcessMemory or WriteProcessMemory request was completed. (0x12B)
[0403/135223.300:ERROR:process_memory_win.cc(73)] ReadMemory at 0x1120214 of 512 bytes failed: Only part of a ReadProcessMemory or WriteProcessMemory request was completed. (0x12B)
[0403/135223.300:ERROR:process_memory_win.cc(73)] ReadMemory at 0x115c4f0 of 512 bytes failed: Only part of a ReadProcessMemory or WriteProcessMemory request was completed. (0x12B)
[0403/135223.302:ERROR:process_memory_win.cc(73)] ReadMemory at 0x2d70000 of 384 bytes failed: Only part of a ReadProcessMemory or WriteProcessMemory request was completed. (0x12B)
[0403/135223.302:ERROR:process_memory_win.cc(73)] ReadMemory at 0x2d766d8 of 512 bytes failed: Only part of a ReadProcessMemory or WriteProcessMemory request was completed. (0x12B)
[0403/135223.302:ERROR:process_memory_win.cc(73)] ReadMemory at 0x2d851e8 of 612 bytes failed: Only part of a ReadProcessMemory or WriteProcessMemory request was completed. (0x12B)
[0403/135223.303:ERROR:process_memory_win.cc(73)] ReadMemory at 0x2e35dd0 of 512 bytes failed: Only part of a ReadProcessMemory or WriteProcessMemory request was completed. (0x12B)
[0403/135223.304:ERROR:process_memory_win.cc(73)] ReadMemory at 0x2e41828 of 512 bytes failed: Only part of a ReadProcessMemory or WriteProcessMemory request was completed. (0x12B)
[0403/135223.305:ERROR:process_memory_win.cc(73)] ReadMemory at 0x2e526c8 of 512 bytes failed: Only part of a ReadProcessMemory or WriteProcessMemory request was completed. (0x12B)
[0403/135223.305:ERROR:process_memory_win.cc(73)] ReadMemory at 0x2e52aae of 512 bytes failed: Only part of a ReadProcessMemory or WriteProcessMemory request was completed. (0x12B)
[0403/135223.305:ERROR:process_memory_win.cc(73)] ReadMemory at 0x2e5ff68 of 536 bytes failed: Only part of a ReadProcessMemory or WriteProcessMemory request was completed. (0x12B)
[0403/135223.305:ERROR:process_memory_win.cc(73)] ReadMemory at 0x3638d40 of 512 bytes failed: Only part of a ReadProcessMemory or WriteProcessMemory request was completed. (0x12B)
[0403/135223.305:ERROR:process_memory_win.cc(73)] ReadMemory at 0x46516d0 of 512 bytes failed: Only part of a ReadProcessMemory or WriteProcessMemory request was completed. (0x12B)
[0403/135223.306:ERROR:process_memory_win.cc(73)] ReadMemory at 0x5d71b38 of 512 bytes failed: Only part of a ReadProcessMemory or WriteProcessMemory request was completed. (0x12B)
[0403/135223.306:ERROR:process_memory_win.cc(73)] ReadMemory at 0x5e4a690 of 512 bytes failed: Only part of a ReadProcessMemory or WriteProcessMemory request was completed. (0x12B)
[0403/135223.306:ERROR:process_memory_win.cc(73)] ReadMemory at 0x85c29a8 of 512 bytes failed: Only part of a ReadProcessMemory or WriteProcessMemory request was completed. (0x12B)
[0403/135223.306:ERROR:process_memory_win.cc(73)] ReadMemory at 0x8b2f048 of 512 bytes failed: Only part of a ReadProcessMemory or WriteProcessMemory request was completed. (0x12B)
[0403/135223.306:ERROR:process_memory_win.cc(73)] ReadMemory at 0x9dcce3d of 512 bytes failed: Only part of a ReadProcessMemory or WriteProcessMemory request was completed. (0x12B)
[0403/135223.306:ERROR:process_memory_win.cc(73)] ReadMemory at 0x15078150 of 512 bytes failed: Only part of a ReadProcessMemory or WriteProcessMemory request was completed. (0x12B)
[0403/135223.307:ERROR:process_memory_win.cc(73)] ReadMemory at 0x156d059c of 512 bytes failed: Only part of a ReadProcessMemory or WriteProcessMemory request was completed. (0x12B)
[0403/135223.308:ERROR:process_memory_win.cc(73)] ReadMemory at 0x1874cf80 of 625 bytes failed: Only part of a ReadProcessMemory or WriteProcessMemory request was completed. (0x12B)
[0403/135223.308:ERROR:process_memory_win.cc(73)] ReadMemory at 0x19c1c995 of 512 bytes failed: Only part of a ReadProcessMemory or WriteProcessMemory request was completed. (0x12B)
[0403/135223.308:ERROR:process_memory_win.cc(73)] ReadMemory at 0x19fdd066 of 512 bytes failed: Only part of a ReadProcessMemory or WriteProcessMemory request was completed. (0x12B)
[0403/135223.308:ERROR:process_memory_win.cc(73)] ReadMemory at 0x1a1f47f9 of 512 bytes failed: Only part of a ReadProcessMemory or WriteProcessMemory request was completed. (0x12B)
[0403/135223.308:ERROR:process_memory_win.cc(73)] ReadMemory at 0x74a719e5 of 512 bytes failed: Only part of a ReadProcessMemory or WriteProcessMemory request was completed. (0x12B)
[0403/135223.310:ERROR:process_memory_win.cc(73)] ReadMemory at 0x74c213d0 of 512 bytes failed: Only part of a ReadProcessMemory or WriteProcessMemory request was completed. (0x12B)
[0403/135223.310:ERROR:process_memory_win.cc(73)] ReadMemory at 0x770f70c4 of 512 bytes failed: Only part of a ReadProcessMemory or WriteProcessMemory request was completed. (0x12B)
[0403/135223.310:ERROR:process_memory_win.cc(73)] ReadMemory at 0x7711b3d5 of 512 bytes failed: Only part of a ReadProcessMemory or WriteProcessMemory request was completed. (0x12B)
[0403/135223.312:ERROR:process_memory_win.cc(73)] ReadMemory at 0x77127568 of 18 bytes failed: Only part of a ReadProcessMemory or WriteProcessMemory request was completed. (0x12B)
[0403/135223.313:ERROR:process_memory_win.cc(73)] ReadMemory at 0x771dd340 of 36 bytes failed: Only part of a ReadProcessMemory or WriteProcessMemory request was completed. (0x12B)
[0403/135223.313:ERROR:process_memory_win.cc(73)] ReadMemory at 0x771dd3e8 of 24 bytes failed: Only part of a ReadProcessMemory or WriteProcessMemory request was completed. (0x12B)
[0403/135223.315:ERROR:process_memory_win.cc(73)] ReadMemory at 0x771ddda4 of 32 bytes failed: Only part of a ReadProcessMemory or WriteProcessMemory request was completed. (0x12B)
[0403/135223.315:ERROR:process_memory_win.cc(73)] ReadMemory at 0x7f706000 of 3992 bytes failed: Only part of a ReadProcessMemory or WriteProcessMemory request was completed. (0x12B)
[0403/135223.316:ERROR:process_memory_win.cc(73)] ReadMemory at 0x7f707000 of 3992 bytes failed: Only part of a ReadProcessMemory or WriteProcessMemory request was completed. (0x12B)
[0403/135223.317:ERROR:process_memory_win.cc(73)] ReadMemory at 0x7f708000 of 3992 bytes failed: Only part of a ReadProcessMemory or WriteProcessMemory request was completed. (0x12B)
[0403/135223.318:ERROR:process_memory_win.cc(73)] ReadMemory at 0x7f709000 of 3992 bytes failed: Only part of a ReadProcessMemory or WriteProcessMemory request was completed. (0x12B)
[0403/135223.318:ERROR:process_memory_win.cc(73)] ReadMemory at 0x7f70a000 of 3992 bytes failed: Only part of a ReadProcessMemory or WriteProcessMemory request was completed. (0x12B)
[0403/135223.318:ERROR:process_memory_win.cc(73)] ReadMemory at 0x7f70b000 of 3992 bytes failed: Only part of a ReadProcessMemory or WriteProcessMemory request was completed. (0x12B)
[0403/135223.321:ERROR:process_memory_win.cc(73)] ReadMemory at 0x7f70c000 of 3992 bytes failed: Only part of a ReadProcessMemory or WriteProcessMemory request was completed. (0x12B)
[0403/135223.321:ERROR:process_memory_win.cc(73)] ReadMemory at 0x7f70d000 of 3992 bytes failed: Only part of a ReadProcessMemory or WriteProcessMemory request was completed. (0x12B)
[0403/135223.321:ERROR:process_memory_win.cc(73)] ReadMemory at 0x7f70e000 of 3992 bytes failed: Only part of a ReadProcessMemory or WriteProcessMemory request was completed. (0x12B)
[0403/135223.324:ERROR:process_memory_win.cc(73)] ReadMemory at 0x7f70f000 of 3992 bytes failed: Only part of a ReadProcessMemory or WriteProcessMemory request was completed. (0x12B)
[0403/135223.326:ERROR:process_memory_win.cc(73)] ReadMemory at 0x7f833000 of 560 bytes failed: Only part of a ReadProcessMemory or WriteProcessMemory request was completed. (0x12B)
[0403/135223.326:ERROR:process_memory_win.cc(73)] ReadMemory at 0x7f834000 of 3992 bytes failed: Only part of a ReadProcessMemory or WriteProcessMemory request was completed. (0x12B)
[0403/135223.326:ERROR:process_memory_win.cc(73)] ReadMemory at 0x7f835000 of 3992 bytes failed: Only part of a ReadProcessMemory or WriteProcessMemory request was completed. (0x12B)
[0403/135223.328:ERROR:process_memory_win.cc(73)] ReadMemory at 0x7f836000 of 3992 bytes failed: Only part of a ReadProcessMemory or WriteProcessMemory request was completed. (0x12B)
[0403/135223.328:ERROR:process_memory_win.cc(73)] ReadMemory at 0x7f837000 of 3992 bytes failed: Only part of a ReadProcessMemory or WriteProcessMemory request was completed. (0x12B)
[0403/135223.328:ERROR:process_memory_win.cc(73)] ReadMemory at 0x7f838000 of 3992 bytes failed: Only part of a ReadProcessMemory or WriteProcessMemory request was completed. (0x12B)
[0403/135223.329:ERROR:process_memory_win.cc(73)] ReadMemory at 0x7f839000 of 3992 bytes failed: Only part of a ReadProcessMemory or WriteProcessMemory request was completed. (0x12B)
[0403/135223.329:ERROR:process_memory_win.cc(73)] ReadMemory at 0x7f83a000 of 3992 bytes failed: Only part of a ReadProcessMemory or WriteProcessMemory request was completed. (0x12B)
[0403/135223.331:ERROR:process_memory_win.cc(73)] ReadMemory at 0x7f83b000 of 3992 bytes failed: Only part of a ReadProcessMemory or WriteProcessMemory request was completed. (0x12B)
[0403/135223.342:ERROR:process_memory_win.cc(73)] ReadMemory at 0x7f83c000 of 3992 bytes failed: Only part of a ReadProcessMemory or WriteProcessMemory request was completed. (0x12B)
[0403/135223.343:ERROR:process_memory_win.cc(73)] ReadMemory at 0x7f83d000 of 3992 bytes failed: Only part of a ReadProcessMemory or WriteProcessMemory request was completed. (0x12B)
[0403/135223.343:ERROR:process_memory_win.cc(73)] ReadMemory at 0x7f83e000 of 8088 bytes failed: Only part of a ReadProcessMemory or WriteProcessMemory request was completed. (0x12B)
[0403/135223.514:ERROR:scoped_process_suspend.cc(40)] NtResumeProcess: An attempt was made to access an exiting process. (0xc000010a)
[0409/164332.348:ERROR:process_reader_win.cc(123)] NtOpenThread: {Access Denied} A process has requested access to an object, but has not been granted those access rights. (0xc0000022)
[0409/164332.348:ERROR:process_reader_win.cc(123)] NtOpenThread: {Access Denied} A process has requested access to an object, but has not been granted those access rights. (0xc0000022)
[0409/164332.349:ERROR:process_reader_win.cc(123)] NtOpenThread: {Access Denied} A process has requested access to an object, but has not been granted those access rights. (0xc0000022)
[0409/164332.349:ERROR:process_reader_win.cc(123)] NtOpenThread: {Access Denied} A process has requested access to an object, but has not been granted those access rights. (0xc0000022)
[0409/164332.349:ERROR:process_reader_win.cc(123)] NtOpenThread: {Access Denied} A process has requested access to an object, but has not been granted those access rights. (0xc0000022)
[0409/164332.349:ERROR:process_reader_win.cc(123)] NtOpenThread: {Access Denied} A process has requested access to an object, but has not been granted those access rights. (0xc0000022)
[0409/164332.348:ERROR:process_reader_win.cc(123)] NtOpenThread: {Access Denied} A process has requested access to an object, but has not been granted those access rights. (0xc0000022)
[0409/164332.348:ERROR:process_reader_win.cc(123)] NtOpenThread: {Access Denied} A process has requested access to an object, but has not been granted those access rights. (0xc0000022)
[0409/164332.498:ERROR:exception_snapshot_win.cc(98)] thread ID 4592 not found in process
[0409/164332.498:ERROR:exception_snapshot_win.cc(98)] thread ID 6816 not found in process
[0409/164332.498:ERROR:exception_snapshot_win.cc(98)] thread ID 2352 not found in process
[0409/164332.498:ERROR:exception_snapshot_win.cc(98)] thread ID 8932 not found in process
[0409/164332.498:ERROR:exception_snapshot_win.cc(98)] thread ID 1372 not found in process
[0409/164332.498:ERROR:exception_snapshot_win.cc(98)] thread ID 1504 not found in process
[0409/164332.498:ERROR:exception_snapshot_win.cc(98)] thread ID 272 not found in process
[0409/164332.498:ERROR:exception_snapshot_win.cc(98)] thread ID 5360 not found in process
[0522/101421.803:ERROR:file_io.cc(89)] ReadExactly: expected 36, observed 0
[0523/170715.411:ERROR:process_reader_win.cc(151)] SuspendThread: Access is denied. (0x5)
[0523/170715.411:ERROR:process_reader_win.cc(151)] SuspendThread: Access is denied. (0x5)
[0523/170715.411:ERROR:process_reader_win.cc(151)] SuspendThread: Access is denied. (0x5)
[0523/170715.380:ERROR:process_info.cc(118)] ReadProcessMemory bool __cdecl crashpad::(anonymous namespace)::ReadStruct(HANDLE, crashpad::WinVMAddress, T *) [T = crashpad::process_types::PEB<crashpad::process_types::internal::Traits32>]: Only part of a ReadProcessMemory or WriteProcessMemory request was completed. (0x12B)
[0523/170715.411:ERROR:process_reader_win.cc(151)] SuspendThread: Access is denied. (0x5)
[0523/170715.458:ERROR:process_reader_win.cc(151)] SuspendThread: Access is denied. (0x5)
[0523/170715.536:ERROR:process_info.cc(551)] ReadProcessData failed
[0523/170714.599:ERROR:scoped_process_suspend.cc(31)] NtSuspendProcess: An attempt was made to access an exiting process. (0xc000010a)
[0523/170715.536:ERROR:exception_snapshot_win.cc(98)] thread ID 2244 not found in process
[0523/170715.411:ERROR:process_reader_win.cc(123)] NtOpenThread: {Access Denied} A process has requested access to an object, but has not been granted those access rights. (0xc0000022)
[0523/170715.536:ERROR:process_reader_win.cc(151)] SuspendThread: Access is denied. (0x5)
[0523/170715.536:ERROR:process_reader_win.cc(151)] SuspendThread: Access is denied. (0x5)
[0523/170715.536:ERROR:process_reader_win.cc(123)] NtOpenThread: {Access Denied} A process has requested access to an object, but has not been granted those access rights. (0xc0000022)
[0523/170715.536:ERROR:process_info.cc(118)] ReadProcessMemory bool __cdecl crashpad::(anonymous namespace)::ReadStruct(HANDLE, crashpad::WinVMAddress, T *) [T = crashpad::process_types::PEB<crashpad::process_types::internal::Traits32>]: Only part of a ReadProcessMemory or WriteProcessMemory request was completed. (0x12B)
[0523/170715.536:ERROR:process_reader_win.cc(151)] SuspendThread: Access is denied. (0x5)
[0523/170715.536:ERROR:process_reader_win.cc(151)] SuspendThread: Access is denied. (0x5)
[0523/170715.536:ERROR:process_reader_win.cc(151)] SuspendThread: Access is denied. (0x5)
[0523/170715.536:ERROR:exception_snapshot_win.cc(98)] thread ID 4112 not found in process
[0523/170715.536:ERROR:process_reader_win.cc(151)] SuspendThread: Access is denied. (0x5)
[0523/170715.536:ERROR:scoped_process_suspend.cc(40)] NtResumeProcess: An attempt was made to access an exiting process. (0xc000010a)
[0523/170715.536:ERROR:process_reader_win.cc(123)] NtOpenThread: {Access Denied} A process has requested access to an object, but has not been granted those access rights. (0xc0000022)
[0523/170715.536:ERROR:process_reader_win.cc(151)] SuspendThread: Access is denied. (0x5)
[0523/170715.536:ERROR:process_reader_win.cc(151)] SuspendThread: Access is denied. (0x5)
[0523/170715.536:ERROR:exception_snapshot_win.cc(98)] thread ID 5640 not found in process
[0523/170715.536:ERROR:process_reader_win.cc(151)] SuspendThread: Access is denied. (0x5)
[0523/170715.536:ERROR:process_reader_win.cc(151)] SuspendThread: Access is denied. (0x5)
[0523/170715.536:ERROR:process_reader_win.cc(151)] SuspendThread: Access is denied. (0x5)
[0523/170715.536:ERROR:process_info.cc(551)] ReadProcessData failed
[0523/170715.536:ERROR:process_reader_win.cc(151)] SuspendThread: Access is denied. (0x5)
[0523/170715.536:ERROR:process_reader_win.cc(151)] SuspendThread: Access is denied. (0x5)
[0523/170715.536:ERROR:process_reader_win.cc(151)] SuspendThread: Access is denied. (0x5)
[0523/170715.536:ERROR:process_reader_win.cc(123)] NtOpenThread: {Access Denied} A process has requested access to an object, but has not been granted those access rights. (0xc0000022)
[0523/170715.536:ERROR:process_reader_win.cc(151)] SuspendThread: Access is denied. (0x5)
[0523/170715.536:ERROR:exception_snapshot_win.cc(98)] thread ID 6652 not found in process
[0523/170715.536:ERROR:exception_snapshot_win.cc(98)] thread ID 884 not found in process
[0523/170715.536:ERROR:exception_snapshot_win.cc(98)] thread ID 7580 not found in process
[0523/170714.599:ERROR:scoped_process_suspend.cc(31)] NtSuspendProcess: An attempt was made to access an exiting process. (0xc000010a)
[0523/170715.536:ERROR:process_info.cc(118)] ReadProcessMemory bool __cdecl crashpad::(anonymous namespace)::ReadStruct(HANDLE, crashpad::WinVMAddress, T *) [T = crashpad::process_types::PEB<crashpad::process_types::internal::Traits32>]: Only part of a ReadProcessMemory or WriteProcessMemory request was completed. (0x12B)
[0523/170715.536:ERROR:process_info.cc(551)] ReadProcessData failed
